nohup: 忽略输入
#0 building with "default" instance using docker driver

#1 [1/7] FROM docker.io/library/python:3.11-slim@sha256:9358444059ed78e2975ada2c189f1c1a3144a5dab6f35bff8c981afb38946634
#1 resolve docker.io/library/python:3.11-slim@sha256:9358444059ed78e2975ada2c189f1c1a3144a5dab6f35bff8c981afb38946634 0.0s done
#1 DONE 0.0s

#2 [2/7] WORKDIR /app
#2 CACHED

#3 [internal] load build definition from Dockerfile
#3 transferring dockerfile: 992B done
#3 DONE 0.0s

#4 [internal] load metadata for docker.io/library/python:3.11-slim
#4 DONE 0.0s

#5 [internal] load .dockerignore
#5 transferring context: 731B done
#5 DONE 0.0s

#6 [1/7] FROM docker.io/library/python:3.11-slim
#6 DONE 0.0s

#7 [internal] load build context
#7 transferring context: 3.21kB 0.0s done
#7 DONE 0.0s

#8 [3/7] RUN apt-get update && apt-get install -y --no-install-recommends     gnupg     gcc     default-libmysqlclient-dev     pkg-config     curl     && rm -rf /var/lib/apt/lists/*
#8 54.20 Hit:1 http://deb.debian.org/debian trixie InRelease
#8 54.55 Get:2 http://deb.debian.org/debian trixie-updates InRelease [47.3 kB]
#8 56.59 Get:3 http://deb.debian.org/debian-security trixie-security InRelease [43.4 kB]
#8 62.39 Get:4 http://deb.debian.org/debian trixie/main amd64 Packages [9671 kB]
#8 649.2 Ign:4 http://deb.debian.org/debian trixie/main amd64 Packages
#8 650.9 Get:5 http://deb.debian.org/debian trixie-updates/main amd64 Packages [5412 B]
#8 651.9 Get:6 http://deb.debian.org/debian-security trixie-security/main amd64 Packages [114 kB]
#8 656.0 Get:4 http://deb.debian.org/debian trixie/main amd64 Packages [9671 kB]
#8 1200.8 Fetched 5203 kB in 20min 0s (4335 B/s)
#8 1200.8 Reading package lists...
#8 1201.5 Reading package lists...
#8 1202.2 Building dependency tree...
#8 1202.4 Reading state information...
#8 1202.7 The following additional packages will be installed:
#8 1202.7   binutils binutils-common binutils-x86-64-linux-gnu cpp cpp-14
#8 1202.7   cpp-14-x86-64-linux-gnu cpp-x86-64-linux-gnu dirmngr gcc-14
#8 1202.7   gcc-14-x86-64-linux-gnu gcc-x86-64-linux-gnu gnupg-l10n gpg gpg-agent
#8 1202.7   gpgconf gpgsm libasan8 libassuan9 libatomic1 libbinutils libbrotli1
#8 1202.7   libc-dev-bin libc6-dev libcc1-0 libcom-err2 libcrypt-dev libctf-nobfd0
#8 1202.7   libctf0 libcurl4t64 libgcc-14-dev libgcrypt20 libgnutls30t64 libgomp1
#8 1202.7   libgpg-error0 libgprofng0 libgssapi-krb5-2 libhwasan0 libidn2-0 libisl23
#8 1202.7   libitm1 libjansson4 libk5crypto3 libkeyutils1 libkrb5-3 libkrb5support0
#8 1202.7   libksba8 libldap2 liblsan0 libmariadb-dev libmariadb-dev-compat libmariadb3
#8 1202.7   libmpc3 libmpfr6 libnghttp2-14 libnghttp3-9 libnpth0t64 libp11-kit0
#8 1202.7   libpkgconf3 libpsl5t64 libquadmath0 librtmp1 libsasl2-2 libsasl2-modules-db
#8 1202.7   libsframe1 libssh2-1t64 libssl-dev libtasn1-6 libtsan2 libubsan1
#8 1202.7   libunistring5 linux-libc-dev mariadb-common mysql-common pinentry-curses
#8 1202.7   pkgconf pkgconf-bin rpcsvc-proto zlib1g-dev
#8 1202.7 Suggested packages:
#8 1202.7   binutils-doc gprofng-gui binutils-gold cpp-doc gcc-14-locales cpp-14-doc
#8 1202.7   dbus-user-session libpam-systemd pinentry-gnome3 tor gcc-multilib make
#8 1202.7   manpages-dev autoconf automake libtool flex bison gdb gcc-doc
#8 1202.7   gcc-14-multilib gcc-14-doc gdb-x86-64-linux-gnu gpg-wks-server parcimonie
#8 1202.7   xloadimage scdaemon tpm2daemon libc-devtools glibc-doc rng-tools gnutls-bin
#8 1202.7   krb5-doc krb5-user libssl-doc pinentry-doc
#8 1202.7 Recommended packages:
#8 1202.7   bash-completion gnupg-utils gpg-wks-client gpgv manpages manpages-dev
#8 1202.7   libgpg-error-l10n krb5-locales libldap-common publicsuffix libsasl2-modules
#8 1203.1 The following NEW packages will be installed:
#8 1203.1   binutils binutils-common binutils-x86-64-linux-gnu cpp cpp-14
#8 1203.1   cpp-14-x86-64-linux-gnu cpp-x86-64-linux-gnu curl default-libmysqlclient-dev
#8 1203.1   dirmngr gcc gcc-14 gcc-14-x86-64-linux-gnu gcc-x86-64-linux-gnu gnupg
#8 1203.1   gnupg-l10n gpg gpg-agent gpgconf gpgsm libasan8 libassuan9 libatomic1
#8 1203.1   libbinutils libbrotli1 libc-dev-bin libc6-dev libcc1-0 libcom-err2
#8 1203.1   libcrypt-dev libctf-nobfd0 libctf0 libcurl4t64 libgcc-14-dev libgcrypt20
#8 1203.1   libgnutls30t64 libgomp1 libgpg-error0 libgprofng0 libgssapi-krb5-2
#8 1203.1   libhwasan0 libidn2-0 libisl23 libitm1 libjansson4 libk5crypto3 libkeyutils1
#8 1203.1   libkrb5-3 libkrb5support0 libksba8 libldap2 liblsan0 libmariadb-dev
#8 1203.1   libmariadb-dev-compat libmariadb3 libmpc3 libmpfr6 libnghttp2-14
#8 1203.1   libnghttp3-9 libnpth0t64 libp11-kit0 libpkgconf3 libpsl5t64 libquadmath0
#8 1203.1   librtmp1 libsasl2-2 libsasl2-modules-db libsframe1 libssh2-1t64 libssl-dev
#8 1203.1   libtasn1-6 libtsan2 libubsan1 libunistring5 linux-libc-dev mariadb-common
#8 1203.1   mysql-common pinentry-curses pkg-config pkgconf pkgconf-bin rpcsvc-proto
#8 1203.1   zlib1g-dev
#8 1204.5 0 upgraded, 83 newly installed, 0 to remove and 0 not upgraded.
#8 1204.5 Need to get 70.4 MB of archives.
#8 1204.5 After this operation, 264 MB of additional disk space will be used.
#8 1204.5 Get:1 http://deb.debian.org/debian trixie/main amd64 libsframe1 amd64 2.44-3 [78.4 kB]
#8 1205.9 Get:2 http://deb.debian.org/debian trixie/main amd64 binutils-common amd64 2.44-3 [2509 kB]
#8 1457.4 Ign:2 http://deb.debian.org/debian trixie/main amd64 binutils-common amd64 2.44-3
#8 1458.0 Get:3 http://deb.debian.org/debian trixie/main amd64 libbinutils amd64 2.44-3 [534 kB]
#8 1510.9 Get:4 http://deb.debian.org/debian trixie/main amd64 libgprofng0 amd64 2.44-3 [808 kB]
#8 1605.4 Get:5 http://deb.debian.org/debian trixie/main amd64 libctf-nobfd0 amd64 2.44-3 [156 kB]
#8 1624.9 Get:6 http://deb.debian.org/debian trixie/main amd64 libctf0 amd64 2.44-3 [88.6 kB]
#8 1650.3 Get:7 http://deb.debian.org/debian trixie/main amd64 libjansson4 amd64 2.14-2+b3 [39.8 kB]
#8 1654.6 Get:8 http://deb.debian.org/debian trixie/main amd64 binutils-x86-64-linux-gnu amd64 2.44-3 [1014 kB]
#8 1742.5 Ign:8 http://deb.debian.org/debian trixie/main amd64 binutils-x86-64-linux-gnu amd64 2.44-3
#8 1744.1 Get:9 http://deb.debian.org/debian trixie/main amd64 binutils amd64 2.44-3 [265 kB]
#8 1775.7 Get:10 http://deb.debian.org/debian trixie/main amd64 libisl23 amd64 0.27-1 [659 kB]
#8 1872.0 Get:11 http://deb.debian.org/debian trixie/main amd64 libmpfr6 amd64 4.2.2-1 [729 kB]
#8 1986.6 Get:12 http://deb.debian.org/debian trixie/main amd64 libmpc3 amd64 1.3.1-1+b3 [52.2 kB]
#8 2004.8 Get:2 http://deb.debian.org/debian trixie/main amd64 binutils-common amd64 2.44-3 [2509 kB]
#8 2152.9 Get:13 http://deb.debian.org/debian trixie/main amd64 cpp-14-x86-64-linux-gnu amd64 14.2.0-19 [11.0 MB]
#8 2332.9 Ign:13 http://deb.debian.org/debian trixie/main amd64 cpp-14-x86-64-linux-gnu amd64 14.2.0-19
#8 2333.5 Get:14 http://deb.debian.org/debian trixie/main amd64 cpp-14 amd64 14.2.0-19 [1280 B]
#8 2333.5 Get:15 http://deb.debian.org/debian trixie/main amd64 cpp-x86-64-linux-gnu amd64 4:14.2.0-1 [4840 B]
#8 2333.5 Get:16 http://deb.debian.org/debian trixie/main amd64 cpp amd64 4:14.2.0-1 [1568 B]
#8 2333.5 Get:17 http://deb.debian.org/debian trixie/main amd64 libbrotli1 amd64 1.1.0-2+b7 [307 kB]
#8 2336.5 Get:8 http://deb.debian.org/debian trixie/main amd64 binutils-x86-64-linux-gnu amd64 2.44-3 [1014 kB]
#8 2429.8 Get:18 http://deb.debian.org/debian trixie/main amd64 libkrb5support0 amd64 1.21.3-5 [33.0 kB]
#8 2434.7 Get:19 http://deb.debian.org/debian trixie/main amd64 libcom-err2 amd64 1.47.2-3+b10 [25.0 kB]
#8 2436.0 Get:20 http://deb.debian.org/debian trixie/main amd64 libk5crypto3 amd64 1.21.3-5 [81.5 kB]
#8 2439.3 Get:21 http://deb.debian.org/debian trixie/main amd64 libkeyutils1 amd64 1.6.3-6 [9456 B]
#8 2439.3 Get:22 http://deb.debian.org/debian trixie/main amd64 libkrb5-3 amd64 1.21.3-5 [326 kB]
#8 2483.0 Get:13 http://deb.debian.org/debian trixie/main amd64 cpp-14-x86-64-linux-gnu amd64 14.2.0-19 [11.0 MB]
#8 3170.9 Get:23 http://deb.debian.org/debian trixie/main amd64 libgssapi-krb5-2 amd64 1.21.3-5 [138 kB]
#8 3181.1 Get:24 http://deb.debian.org/debian trixie/main amd64 libunistring5 amd64 1.3-2 [477 kB]
#8 3222.1 Get:25 http://deb.debian.org/debian trixie/main amd64 libidn2-0 amd64 2.3.8-2 [109 kB]
#8 3231.0 Get:26 http://deb.debian.org/debian trixie/main amd64 libsasl2-modules-db amd64 2.1.28+dfsg1-9 [19.8 kB]
#8 3233.2 Get:27 http://deb.debian.org/debian trixie/main amd64 libsasl2-2 amd64 2.1.28+dfsg1-9 [57.5 kB]
#8 3238.6 Get:28 http://deb.debian.org/debian trixie/main amd64 libldap2 amd64 2.6.10+dfsg-1 [194 kB]
#8 3255.8 Get:29 http://deb.debian.org/debian trixie/main amd64 libnghttp2-14 amd64 1.64.0-1.1 [76.0 kB]
#8 3263.3 Get:30 http://deb.debian.org/debian trixie/main amd64 libnghttp3-9 amd64 1.8.0-1 [67.7 kB]
#8 3272.1 Get:31 http://deb.debian.org/debian trixie/main amd64 libpsl5t64 amd64 0.21.2-1.1+b1 [57.2 kB]
#8 3278.6 Get:32 http://deb.debian.org/debian trixie/main amd64 libp11-kit0 amd64 0.25.5-3 [425 kB]
#8 3335.2 Get:33 http://deb.debian.org/debian trixie/main amd64 libtasn1-6 amd64 4.20.0-2 [49.9 kB]
#8 3344.4 Get:34 http://deb.debian.org/debian trixie/main amd64 libgnutls30t64 amd64 3.8.9-3+deb13u2 [1468 kB]
#8 3474.8 Get:35 http://deb.debian.org/debian trixie/main amd64 librtmp1 amd64 2.4+20151223.gitfa8646d.1-2+b5 [58.8 kB]
#8 3481.1 Get:36 http://deb.debian.org/debian trixie/main amd64 libssh2-1t64 amd64 1.11.1-1 [245 kB]
#8 3498.2 Get:37 http://deb.debian.org/debian trixie/main amd64 libcurl4t64 amd64 8.14.1-2+deb13u2 [391 kB]
#8 3531.7 Get:38 http://deb.debian.org/debian trixie/main amd64 curl amd64 8.14.1-2+deb13u2 [270 kB]
#8 3553.1 Get:39 http://deb.debian.org/debian trixie/main amd64 mysql-common all 5.8+1.1.1 [6784 B]
#8 3553.7 Get:40 http://deb.debian.org/debian trixie/main amd64 mariadb-common all 1:11.8.6-0+deb13u1 [29.5 kB]
#8 3555.9 Get:41 http://deb.debian.org/debian trixie/main amd64 libmariadb3 amd64 1:11.8.6-0+deb13u1 [187 kB]
#8 3577.9 Get:42 http://deb.debian.org/debian trixie/main amd64 libssl-dev amd64 3.5.5-1~deb13u1 [2953 kB]
#8 3842.5 Get:43 http://deb.debian.org/debian trixie/main amd64 libc-dev-bin amd64 2.41-12+deb13u2 [59.4 kB]
#8 3849.0 Get:44 http://deb.debian.org/debian-security trixie-security/main amd64 linux-libc-dev all 6.12.74-2 [2746 kB]
#8 3900.3 Ign:44 http://deb.debian.org/debian-security trixie-security/main amd64 linux-libc-dev all 6.12.74-2
#8 3907.2 Get:45 http://deb.debian.org/debian trixie/main amd64 libcrypt-dev amd64 1:4.4.38-1 [119 kB]
#8 3932.8 Get:46 http://deb.debian.org/debian trixie/main amd64 rpcsvc-proto amd64 1.4.3-1 [63.3 kB]
#8 3940.3 Get:47 http://deb.debian.org/debian trixie/main amd64 libc6-dev amd64 2.41-12+deb13u2 [1996 kB]
#8 3988.2 Get:48 http://deb.debian.org/debian trixie/main amd64 zlib1g-dev amd64 1:1.3.dfsg+really1.3.1-1+b1 [920 kB]
#8 3990.8 Get:49 http://deb.debian.org/debian trixie/main amd64 libmariadb-dev amd64 1:11.8.6-0+deb13u1 [277 kB]
#8 3991.3 Get:50 http://deb.debian.org/debian trixie/main amd64 libmariadb-dev-compat amd64 1:11.8.6-0+deb13u1 [28.3 kB]
#8 3991.3 Get:51 http://deb.debian.org/debian trixie/main amd64 default-libmysqlclient-dev amd64 1.1.1 [3252 B]
#8 3991.3 Get:52 http://deb.debian.org/debian trixie/main amd64 libgpg-error0 amd64 1.51-4 [82.1 kB]
#8 3991.7 Get:53 http://deb.debian.org/debian trixie/main amd64 libassuan9 amd64 3.0.2-2 [61.5 kB]
#8 3992.0 Get:54 http://deb.debian.org/debian trixie/main amd64 libgcrypt20 amd64 1.11.0-7 [843 kB]
#8 4044.8 Get:44 http://deb.debian.org/debian-security trixie-security/main amd64 linux-libc-dev all 6.12.74-2 [2746 kB]
#8 4344.3 Get:55 http://deb.debian.org/debian trixie/main amd64 gpgconf amd64 2.4.7-21+deb13u1+b2 [129 kB]
#8 4359.5 Get:56 http://deb.debian.org/debian trixie/main amd64 libksba8 amd64 1.6.7-2+b1 [136 kB]
#8 4426.9 Ign:56 http://deb.debian.org/debian trixie/main amd64 libksba8 amd64 1.6.7-2+b1
#8 4430.7 Get:57 http://deb.debian.org/debian trixie/main amd64 libnpth0t64 amd64 1.8-3 [23.2 kB]
#8 4431.1 Get:58 http://deb.debian.org/debian trixie/main amd64 dirmngr amd64 2.4.7-21+deb13u1+b2 [384 kB]
#8 4463.2 Get:59 http://deb.debian.org/debian trixie/main amd64 libcc1-0 amd64 14.2.0-19 [42.8 kB]
#8 4470.0 Get:60 http://deb.debian.org/debian trixie/main amd64 libgomp1 amd64 14.2.0-19 [137 kB]
#8 4495.2 Get:61 http://deb.debian.org/debian trixie/main amd64 libitm1 amd64 14.2.0-19 [26.0 kB]
#8 4497.1 Get:62 http://deb.debian.org/debian trixie/main amd64 libatomic1 amd64 14.2.0-19 [9308 B]
#8 4497.7 Get:63 http://deb.debian.org/debian trixie/main amd64 libasan8 amd64 14.2.0-19 [2725 kB]
#8 4688.0 Ign:63 http://deb.debian.org/debian trixie/main amd64 libasan8 amd64 14.2.0-19
#8 4688.7 Get:64 http://deb.debian.org/debian trixie/main amd64 liblsan0 amd64 14.2.0-19 [1204 kB]
#8 4733.9 Get:65 http://deb.debian.org/debian trixie/main amd64 libtsan2 amd64 14.2.0-19 [2460 kB]
#8 4784.0 Get:66 http://deb.debian.org/debian trixie/main amd64 libubsan1 amd64 14.2.0-19 [1074 kB]
#8 4888.4 Ign:66 http://deb.debian.org/debian trixie/main amd64 libubsan1 amd64 14.2.0-19
#8 4889.1 Get:56 http://deb.debian.org/debian trixie/main amd64 libksba8 amd64 1.6.7-2+b1 [136 kB]
#8 4890.8 Get:67 http://deb.debian.org/debian trixie/main amd64 libhwasan0 amd64 14.2.0-19 [1488 kB]
#8 5033.1 Get:68 http://deb.debian.org/debian trixie/main amd64 libquadmath0 amd64 14.2.0-19 [145 kB]
#8 5046.5 Get:69 http://deb.debian.org/debian trixie/main amd64 libgcc-14-dev amd64 14.2.0-19 [2672 kB]
#8 5352.8 Get:70 http://deb.debian.org/debian trixie/main amd64 gcc-14-x86-64-linux-gnu amd64 14.2.0-19 [21.4 MB]
#8 6771.1 Ign:70 http://deb.debian.org/debian trixie/main amd64 gcc-14-x86-64-linux-gnu amd64 14.2.0-19
#8 6771.6 Get:71 http://deb.debian.org/debian trixie/main amd64 gcc-14 amd64 14.2.0-19 [540 kB]
#8 6804.6 Get:72 http://deb.debian.org/debian trixie/main amd64 gcc-x86-64-linux-gnu amd64 4:14.2.0-1 [1436 B]
#8 6805.3 Get:63 http://deb.debian.org/debian trixie/main amd64 libasan8 amd64 14.2.0-19 [2725 kB]
#8 7081.2 Get:73 http://deb.debian.org/debian trixie/main amd64 gcc amd64 4:14.2.0-1 [5136 B]
#8 7081.6 Get:74 http://deb.debian.org/debian trixie/main amd64 gnupg-l10n all 2.4.7-21+deb13u1 [749 kB]
#8 7153.7 Get:66 http://deb.debian.org/debian trixie/main amd64 libubsan1 amd64 14.2.0-19 [1074 kB]
#8 7230.9 Get:75 http://deb.debian.org/debian trixie/main amd64 gpg amd64 2.4.7-21+deb13u1+b2 [635 kB]
#8 7303.7 Get:76 http://deb.debian.org/debian trixie/main amd64 pinentry-curses amd64 1.3.1-2 [86.4 kB]
#8 7316.1 Get:77 http://deb.debian.org/debian trixie/main amd64 gpg-agent amd64 2.4.7-21+deb13u1+b2 [271 kB]
#8 7341.2 Get:78 http://deb.debian.org/debian trixie/main amd64 gpgsm amd64 2.4.7-21+deb13u1+b2 [276 kB]
#8 7372.2 Get:70 http://deb.debian.org/debian trixie/main amd64 gcc-14-x86-64-linux-gnu amd64 14.2.0-19 [21.4 MB]
#8 8327.9 Get:79 http://deb.debian.org/debian trixie/main amd64 gnupg all 2.4.7-21+deb13u1 [417 kB]
#8 8360.4 Get:80 http://deb.debian.org/debian trixie/main amd64 libpkgconf3 amd64 1.8.1-4 [36.4 kB]
#8 8361.8 Get:81 http://deb.debian.org/debian trixie/main amd64 pkgconf-bin amd64 1.8.1-4 [30.2 kB]
#8 8364.9 Get:82 http://deb.debian.org/debian trixie/main amd64 pkgconf amd64 1.8.1-4 [26.2 kB]
#8 8367.4 Get:83 http://deb.debian.org/debian trixie/main amd64 pkg-config amd64 1.8.1-4 [14.0 kB]
